This is pdfTeX, Version 3.141592653-2.6-1.40.24 (MiKTeX 22.3) (preloaded format=pdflatex 2022.5.17)  30 MAY 2022 16:09
entering extended mode
 restricted \write18 enabled.
 %&-line parsing enabled.
**./LinA2Cards.tex
(LinA2Cards.tex
LaTeX2e <2021-11-15> patch level 1
L3 programming layer <2022-05-04>
(C:\Users\Sebastian Schaschek\AppData\Local\Programs\MiKTeX\tex/latex/base\arti
cle.cls
Document Class: article 2021/10/04 v1.4n Standard LaTeX document class

(C:\Users\Sebastian Schaschek\AppData\Local\Programs\MiKTeX\tex/latex/base\size
11.clo
File: size11.clo 2021/10/04 v1.4n Standard LaTeX file (size option)
)
\c@part=\count185
\c@section=\count186
\c@subsection=\count187
\c@subsubsection=\count188
\c@paragraph=\count189
\c@subparagraph=\count190
\c@figure=\count191
\c@table=\count192
\abovecaptionskip=\skip47
\belowcaptionskip=\skip48
\bibindent=\dimen138
)
(C:\Users\Sebastian Schaschek\AppData\Local\Programs\MiKTeX\tex/latex/geometry\
geometry.sty
Package: geometry 2020/01/02 v5.9 Page Geometry

(C:\Users\Sebastian Schaschek\AppData\Local\Programs\MiKTeX\tex/latex/graphics\
keyval.sty
Package: keyval 2014/10/28 v1.15 key=value parser (DPC)
\KV@toks@=\toks16
)
(C:\Users\Sebastian Schaschek\AppData\Local\Programs\MiKTeX\tex/generic/iftex\i
fvtex.sty
Package: ifvtex 2019/10/25 v1.7 ifvtex legacy package. Use iftex instead.

(C:\Users\Sebastian Schaschek\AppData\Local\Programs\MiKTeX\tex/generic/iftex\i
ftex.sty
Package: iftex 2022/02/03 v1.0f TeX engine tests
))
\Gm@cnth=\count193
\Gm@cntv=\count194
\c@Gm@tempcnt=\count195
\Gm@bindingoffset=\dimen139
\Gm@wd@mp=\dimen140
\Gm@odd@mp=\dimen141
\Gm@even@mp=\dimen142
\Gm@layoutwidth=\dimen143
\Gm@layoutheight=\dimen144
\Gm@layouthoffset=\dimen145
\Gm@layoutvoffset=\dimen146
\Gm@dimlist=\toks17

(C:\Users\Sebastian Schaschek\AppData\Local\Programs\MiKTeX\tex/latex/geometry\
geometry.cfg))
(C:\Users\Sebastian Schaschek\AppData\Local\Programs\MiKTeX\tex/generic/babel\b
abel.sty
Package: babel 2022/04/30 3.74 The Babel package
\babel@savecnt=\count196
\U@D=\dimen147
\l@unhyphenated=\language79

(C:\Users\Sebastian Schaschek\AppData\Local\Programs\MiKTeX\tex/generic/babel\t
xtbabel.def)
\bbl@readstream=\read2
\bbl@dirlevel=\count197

*************************************
* Local config file bblopts.cfg used
*

(C:\Users\Sebastian Schaschek\AppData\Local\Programs\MiKTeX\tex/latex/arabi\bbl
opts.cfg
File: bblopts.cfg 2005/09/08 v0.1 add Arabic and Farsi to "declared" options of
 babel
)
(C:\Users\Sebastian Schaschek\AppData\Local\Programs\MiKTeX\tex/latex/babel-ger
man\ngerman.ldf
Language: ngerman 2021/02/27 v2.13 German support for babel (post-1996 orthogra
phy)

(C:\Users\Sebastian Schaschek\AppData\Local\Programs\MiKTeX\tex/latex/babel-ger
man\ngermanb.ldf
Language: ngermanb 2021/02/27 v2.13 German support for babel (post-1996 orthogr
aphy)
Package babel Info: Making " an active character on input line 122.
)))
(C:\Users\Sebastian Schaschek\AppData\Local\Programs\MiKTeX\tex/latex/base\font
enc.sty
Package: fontenc 2021/04/29 v2.0v Standard LaTeX package
)
(C:\Users\Sebastian Schaschek\AppData\Local\Programs\MiKTeX\tex/latex/base\inpu
tenc.sty
Package: inputenc 2021/02/14 v1.3d Input encoding file
\inpenc@prehook=\toks18
\inpenc@posthook=\toks19
)
(C:\Users\Sebastian Schaschek\AppData\Local\Programs\MiKTeX\tex/latex/lm\lmoder
n.sty
Package: lmodern 2015/05/01 v1.6.1 Latin Modern Fonts
LaTeX Font Info:    Overwriting symbol font `operators' in version `normal'
(Font)                  OT1/cmr/m/n --> OT1/lmr/m/n on input line 22.
LaTeX Font Info:    Overwriting symbol font `letters' in version `normal'
(Font)                  OML/cmm/m/it --> OML/lmm/m/it on input line 23.
LaTeX Font Info:    Overwriting symbol font `symbols' in version `normal'
(Font)                  OMS/cmsy/m/n --> OMS/lmsy/m/n on input line 24.
LaTeX Font Info:    Overwriting symbol font `largesymbols' in version `normal'
(Font)                  OMX/cmex/m/n --> OMX/lmex/m/n on input line 25.
LaTeX Font Info:    Overwriting symbol font `operators' in version `bold'
(Font)                  OT1/cmr/bx/n --> OT1/lmr/bx/n on input line 26.
LaTeX Font Info:    Overwriting symbol font `letters' in version `bold'
(Font)                  OML/cmm/b/it --> OML/lmm/b/it on input line 27.
LaTeX Font Info:    Overwriting symbol font `symbols' in version `bold'
(Font)                  OMS/cmsy/b/n --> OMS/lmsy/b/n on input line 28.
LaTeX Font Info:    Overwriting symbol font `largesymbols' in version `bold'
(Font)                  OMX/cmex/m/n --> OMX/lmex/m/n on input line 29.
LaTeX Font Info:    Overwriting math alphabet `\mathbf' in version `normal'
(Font)                  OT1/cmr/bx/n --> OT1/lmr/bx/n on input line 31.
LaTeX Font Info:    Overwriting math alphabet `\mathsf' in version `normal'
(Font)                  OT1/cmss/m/n --> OT1/lmss/m/n on input line 32.
LaTeX Font Info:    Overwriting math alphabet `\mathit' in version `normal'
(Font)                  OT1/cmr/m/it --> OT1/lmr/m/it on input line 33.
LaTeX Font Info:    Overwriting math alphabet `\mathtt' in version `normal'
(Font)                  OT1/cmtt/m/n --> OT1/lmtt/m/n on input line 34.
LaTeX Font Info:    Overwriting math alphabet `\mathbf' in version `bold'
(Font)                  OT1/cmr/bx/n --> OT1/lmr/bx/n on input line 35.
LaTeX Font Info:    Overwriting math alphabet `\mathsf' in version `bold'
(Font)                  OT1/cmss/bx/n --> OT1/lmss/bx/n on input line 36.
LaTeX Font Info:    Overwriting math alphabet `\mathit' in version `bold'
(Font)                  OT1/cmr/bx/it --> OT1/lmr/bx/it on input line 37.
LaTeX Font Info:    Overwriting math alphabet `\mathtt' in version `bold'
(Font)                  OT1/cmtt/m/n --> OT1/lmtt/m/n on input line 38.
)
(C:\Users\Sebastian Schaschek\AppData\Local\Programs\MiKTeX\tex/latex/amsfonts\
amssymb.sty
Package: amssymb 2013/01/14 v3.01 AMS font symbols

(C:\Users\Sebastian Schaschek\AppData\Local\Programs\MiKTeX\tex/latex/amsfonts\
amsfonts.sty
Package: amsfonts 2013/01/14 v3.01 Basic AMSFonts support
\@emptytoks=\toks20
\symAMSa=\mathgroup4
\symAMSb=\mathgroup5
LaTeX Font Info:    Redeclaring math symbol \hbar on input line 98.
LaTeX Font Info:    Overwriting math alphabet `\mathfrak' in version `bold'
(Font)                  U/euf/m/n --> U/euf/b/n on input line 106.
))
(C:\Users\Sebastian Schaschek\AppData\Local\Programs\MiKTeX\tex/latex/amsmath\a
msmath.sty
Package: amsmath 2021/10/15 v2.17l AMS math features
\@mathmargin=\skip49

For additional information on amsmath, use the `?' option.

(C:\Users\Sebastian Schaschek\AppData\Local\Programs\MiKTeX\tex/latex/amsmath\a
mstext.sty
Package: amstext 2021/08/26 v2.01 AMS text

(C:\Users\Sebastian Schaschek\AppData\Local\Programs\MiKTeX\tex/latex/amsmath\a
msgen.sty
File: amsgen.sty 1999/11/30 v2.0 generic functions
\@emptytoks=\toks21
\ex@=\dimen148
))
(C:\Users\Sebastian Schaschek\AppData\Local\Programs\MiKTeX\tex/latex/amsmath\a
msbsy.sty
Package: amsbsy 1999/11/29 v1.2d Bold Symbols
\pmbraise@=\dimen149
)
(C:\Users\Sebastian Schaschek\AppData\Local\Programs\MiKTeX\tex/latex/amsmath\a
msopn.sty
Package: amsopn 2021/08/26 v2.02 operator names
)
\inf@bad=\count198
LaTeX Info: Redefining \frac on input line 234.
\uproot@=\count199
\leftroot@=\count266
LaTeX Info: Redefining \overline on input line 399.
\classnum@=\count267
\DOTSCASE@=\count268
LaTeX Info: Redefining \ldots on input line 496.
LaTeX Info: Redefining \dots on input line 499.
LaTeX Info: Redefining \cdots on input line 620.
\Mathstrutbox@=\box50
\strutbox@=\box51
\big@size=\dimen150
LaTeX Font Info:    Redeclaring font encoding OML on input line 743.
LaTeX Font Info:    Redeclaring font encoding OMS on input line 744.
\macc@depth=\count269
\c@MaxMatrixCols=\count270
\dotsspace@=\muskip16
\c@parentequation=\count271
\dspbrk@lvl=\count272
\tag@help=\toks22
\row@=\count273
\column@=\count274
\maxfields@=\count275
\andhelp@=\toks23
\eqnshift@=\dimen151
\alignsep@=\dimen152
\tagshift@=\dimen153
\tagwidth@=\dimen154
\totwidth@=\dimen155
\lineht@=\dimen156
\@envbody=\toks24
\multlinegap=\skip50
\multlinetaggap=\skip51
\mathdisplay@stack=\toks25
LaTeX Info: Redefining \[ on input line 2938.
LaTeX Info: Redefining \] on input line 2939.
)
(C:\Users\Sebastian Schaschek\AppData\Local\Programs\MiKTeX\tex/latex/mathtools
\mathtools.sty
Package: mathtools 2022/02/07 v1.28a mathematical typesetting tools

(C:\Users\Sebastian Schaschek\AppData\Local\Programs\MiKTeX\tex/latex/tools\cal
c.sty
Package: calc 2017/05/25 v4.3 Infix arithmetic (KKT,FJ)
\calc@Acount=\count276
\calc@Bcount=\count277
\calc@Adimen=\dimen157
\calc@Bdimen=\dimen158
\calc@Askip=\skip52
\calc@Bskip=\skip53
LaTeX Info: Redefining \setlength on input line 80.
LaTeX Info: Redefining \addtolength on input line 81.
\calc@Ccount=\count278
\calc@Cskip=\skip54
)
(C:\Users\Sebastian Schaschek\AppData\Local\Programs\MiKTeX\tex/latex/mathtools
\mhsetup.sty
Package: mhsetup 2021/03/18 v1.4 programming setup (MH)
)
\g_MT_multlinerow_int=\count279
\l_MT_multwidth_dim=\dimen159
\origjot=\skip55
\l_MT_shortvdotswithinadjustabove_dim=\dimen160
\l_MT_shortvdotswithinadjustbelow_dim=\dimen161
\l_MT_above_intertext_sep=\dimen162
\l_MT_below_intertext_sep=\dimen163
\l_MT_above_shortintertext_sep=\dimen164
\l_MT_below_shortintertext_sep=\dimen165
\xmathstrut@box=\box52
\xmathstrut@dim=\dimen166
)
(C:\Users\Sebastian Schaschek\AppData\Local\Programs\MiKTeX\tex/latex/tools\bm.
sty
Package: bm 2021/04/25 v1.2e Bold Symbol Support (DPC/FMi)
\symboldoperators=\mathgroup6
\symboldletters=\mathgroup7
\symboldsymbols=\mathgroup8
Package bm Info: No bold for \OMX/lmex/m/n, using \pmb.
Package bm Info: No bold for \U/msa/m/n, using \pmb.
Package bm Info: No bold for \U/msb/m/n, using \pmb.
LaTeX Font Info:    Redeclaring math alphabet \mathbf on input line 149.
)
(C:\Users\Sebastian Schaschek\AppData\Local\Programs\MiKTeX\tex/latex/units\nic
efrac.sty
Package: nicefrac 1998/08/04 v0.9b Nice fractions
\L@UnitsRaiseDisplaystyle=\skip56
\L@UnitsRaiseTextstyle=\skip57
\L@UnitsRaiseScriptstyle=\skip58

(C:\Users\Sebastian Schaschek\AppData\Local\Programs\MiKTeX\tex/latex/base\ifth
en.sty
Package: ifthen 2020/11/24 v1.1c Standard LaTeX ifthen package (DPC)
))
(C:\Users\Sebastian Schaschek\AppData\Local\Programs\MiKTeX\tex/latex/stmaryrd\
stmaryrd.sty
Package: stmaryrd 1994/03/03 St Mary's Road symbol package
\symstmry=\mathgroup9
LaTeX Font Info:    Overwriting symbol font `stmry' in version `bold'
(Font)                  U/stmry/m/n --> U/stmry/b/n on input line 89.
)
(C:\Users\Sebastian Schaschek\AppData\Local\Programs\MiKTeX\tex/latex/eqparbox\
eqparbox.sty
Package: eqparbox 2017/09/03 v4.1 Create equal-widthed boxes
\eqp@tempdima=\skip59
\eqp@tempdimb=\skip60

(C:\Users\Sebastian Schaschek\AppData\Local\Programs\MiKTeX\tex/latex/tools\arr
ay.sty
Package: array 2021/10/04 v2.5f Tabular extension package (FMi)
\col@sep=\dimen167
\ar@mcellbox=\box53
\extrarowheight=\dimen168
\NC@list=\toks26
\extratabsurround=\skip61
\backup@length=\skip62
\ar@cellbox=\box54
)
\eqp@tabular@box=\box55
\eqp@list@box=\box56
\eqp@list@indent=\skip63

(C:\Users\Sebastian Schaschek\AppData\Local\Programs\MiKTeX\tex/latex/environ\e
nviron.sty
Package: environ 2014/05/04 v0.3 A new way to define environments

(C:\Users\Sebastian Schaschek\AppData\Local\Programs\MiKTeX\tex/latex/trimspace
s\trimspaces.sty
Package: trimspaces 2009/09/17 v1.1 Trim spaces around a token list
)))
(C:\Users\Sebastian Schaschek\AppData\Local\Programs\MiKTeX\tex/latex/paralist\
paralist.sty
Package: paralist 2017/01/22 v2.7 Extended list environments
\pltopsep=\skip64
\plpartopsep=\skip65
\plitemsep=\skip66
\plparsep=\skip67
\pl@lab=\toks27
)
(C:\Users\Sebastian Schaschek\AppData\Local\Programs\MiKTeX\tex/latex/xcolor\xc
olor.sty
Package: xcolor 2021/10/31 v2.13 LaTeX color extensions (UK)

(C:\Users\Sebastian Schaschek\AppData\Local\Programs\MiKTeX\tex/latex/graphics-
cfg\color.cfg
File: color.cfg 2016/01/02 v1.6 sample color configuration
)
Package xcolor Info: Driver file: pdftex.def on input line 227.

(C:\Users\Sebastian Schaschek\AppData\Local\Programs\MiKTeX\tex/latex/graphics-
def\pdftex.def
File: pdftex.def 2020/10/05 v1.2a Graphics/color driver for pdftex
)
Package xcolor Info: Model `cmy' substituted by `cmy0' on input line 1352.
Package xcolor Info: Model `hsb' substituted by `rgb' on input line 1356.
Package xcolor Info: Model `RGB' extended on input line 1368.
Package xcolor Info: Model `HTML' substituted by `rgb' on input line 1370.
Package xcolor Info: Model `Hsb' substituted by `hsb' on input line 1371.
Package xcolor Info: Model `tHsb' substituted by `hsb' on input line 1372.
Package xcolor Info: Model `HSB' substituted by `hsb' on input line 1373.
Package xcolor Info: Model `Gray' substituted by `gray' on input line 1374.
Package xcolor Info: Model `wave' substituted by `hsb' on input line 1375.
)
(C:\Users\Sebastian Schaschek\AppData\Local\Programs\MiKTeX\tex/latex/bbm\bbm.s
ty
Package: bbm 1999/03/15 V 1.2 provides fonts for set symbols - TH
LaTeX Font Info:    Overwriting math alphabet `\mathbbm' in version `bold'
(Font)                  U/bbm/m/n --> U/bbm/bx/n on input line 33.
LaTeX Font Info:    Overwriting math alphabet `\mathbbmss' in version `bold'
(Font)                  U/bbmss/m/n --> U/bbmss/bx/n on input line 35.
)
(C:\Users\Sebastian Schaschek\AppData\Local\Programs\MiKTeX\tex/generic/xypic\x
y.sty
(C:\Users\Sebastian Schaschek\AppData\Local\Programs\MiKTeX\tex/generic/xypic\x
y.tex Bootstrap'ing: catcodes, docmode,
(C:\Users\Sebastian Schaschek\AppData\Local\Programs\MiKTeX\tex/generic/xypic\x
yrecat.tex)
(C:\Users\Sebastian Schaschek\AppData\Local\Programs\MiKTeX\tex/generic/xypic\x
yidioms.tex)

 Xy-pic version 3.8.9 <2013/10/06>
 Copyright (c) 1991-2013 by Kristoffer H. Rose <krisrose@tug.org> and others
 Xy-pic is free software: see the User's Guide for details.

Loading kernel: messages; fonts; allocations: state,
\X@c=\dimen169
\Y@c=\dimen170
\U@c=\dimen171
\D@c=\dimen172
\L@c=\dimen173
\R@c=\dimen174
\Edge@c=\toks28
\X@p=\dimen175
\Y@p=\dimen176
\U@p=\dimen177
\D@p=\dimen178
\L@p=\dimen179
\R@p=\dimen180
\Edge@p=\toks29
\X@origin=\dimen181
\Y@origin=\dimen182
\X@xbase=\dimen183
\Y@xbase=\dimen184
\X@ybase=\dimen185
\Y@ybase=\dimen186
\X@min=\dimen187
\Y@min=\dimen188
\X@max=\dimen189
\Y@max=\dimen190
\lastobjectbox@=\box57
\zerodotbox@=\box58
\almostz@=\dimen191
 direction,
\d@X=\dimen192
\d@Y=\dimen193
\K@=\count280
\KK@=\count281
\Direction=\count282
\K@dXdY=\dimen194
\K@dYdX=\dimen195
\xyread@=\read3
\xywrite@=\write3
\csp@=\count283
\quotPTK@=\dimen196

utility macros; pictures: \xy, positions,
\swaptoks@@=\toks30
\connectobjectbox@@=\box59
 objects,
\styletoks@=\toks31
 decorations;
kernel objects: directionals, circles, text; options; algorithms: directions,
edges, connections;  Xy-pic loaded)
(C:\Users\Sebastian Schaschek\AppData\Local\Programs\MiKTeX\tex/generic/iftex\i
fpdf.sty
Package: ifpdf 2019/10/25 v3.4 ifpdf legacy package. Use iftex instead.
)
Package: xy 2013/10/06 Xy-pic version 3.8.9

(C:\Users\Sebastian Schaschek\AppData\Local\Programs\MiKTeX\tex/generic/xypic\x
yall.tex  Xy-pic option: All features v.3.8
(C:\Users\Sebastian Schaschek\AppData\Local\Programs\MiKTeX\tex/generic/xypic\x
ycurve.tex  Xy-pic option: Curve and Spline extension v.3.12 curve,
\crv@cnt@=\count284
\crvpts@=\toks32
\splinebox@=\box60
\splineval@=\dimen197
\splinedepth@=\dimen198
\splinetol@=\dimen199
\splinelength@=\dimen256
 circles,
\L@=\dimen257

loaded)
(C:\Users\Sebastian Schaschek\AppData\Local\Programs\MiKTeX\tex/generic/xypic\x
yframe.tex  Xy-pic option: Frame and Bracket extension v.3.14 loaded)
(C:\Users\Sebastian Schaschek\AppData\Local\Programs\MiKTeX\tex/generic/xypic\x
ycmtip.tex  Xy-pic option: Computer Modern tip extension v.3.7
(C:\Users\Sebastian Schaschek\AppData\Local\Programs\MiKTeX\tex/generic/xypic\x
ytips.tex  Xy-pic option: More Tips extension v.3.11 loaded) loaded)
(C:\Users\Sebastian Schaschek\AppData\Local\Programs\MiKTeX\tex/generic/xypic\x
yline.tex  Xy-pic option: Line styles extension v.3.10
\xylinethick@=\dimen258
 loaded)
(C:\Users\Sebastian Schaschek\AppData\Local\Programs\MiKTeX\tex/generic/xypic\x
yrotate.tex  Xy-pic option: Rotate and Scale extension v.3.8 loaded)
(C:\Users\Sebastian Schaschek\AppData\Local\Programs\MiKTeX\tex/generic/xypic\x
ycolor.tex  Xy-pic option: Colour extension v.3.11 loaded)
(C:\Users\Sebastian Schaschek\AppData\Local\Programs\MiKTeX\tex/generic/xypic\x
ymatrix.tex  Xy-pic option: Matrix feature v.3.14
\Row=\count285
\Col=\count286
\queue@=\toks33
\queue@@=\toks34
\qcount@=\count287
\qcount@@=\count288
\matrixsize@=\count289
 loaded)
(C:\Users\Sebastian Schaschek\AppData\Local\Programs\MiKTeX\tex/generic/xypic\x
yarrow.tex  Xy-pic option: Arrow and Path feature v.3.9 path, \ar, loaded)
(C:\Users\Sebastian Schaschek\AppData\Local\Programs\MiKTeX\tex/generic/xypic\x
ygraph.tex  Xy-pic option: Graph feature v.3.11 loaded) loaded)
(C:\Users\Sebastian Schaschek\AppData\Local\Programs\MiKTeX\tex/generic/xypic\x
ypdf.tex  Xy-pic option: PDF driver v.1.7
Xy-pic pdf driver: `color' extension support
(C:\Users\Sebastian Schaschek\AppData\Local\Programs\MiKTeX\tex/generic/xypic\x
ypdf-co.tex loaded) Xy-pic pdf driver: `curve' extension support
(C:\Users\Sebastian Schaschek\AppData\Local\Programs\MiKTeX\tex/generic/xypic\x
ypdf-cu.tex loaded) Xy-pic pdf driver: `frame' extension support
(C:\Users\Sebastian Schaschek\AppData\Local\Programs\MiKTeX\tex/generic/xypic\x
ypdf-fr.tex loaded) Xy-pic pdf driver: `line' extension support
(C:\Users\Sebastian Schaschek\AppData\Local\Programs\MiKTeX\tex/generic/xypic\x
ypdf-li.tex loaded) Xy-pic pdf driver: `rotate' extension support
(C:\Users\Sebastian Schaschek\AppData\Local\Programs\MiKTeX\tex/generic/xypic\x
ypdf-ro.tex loaded) loaded))
LaTeX Info: Redefining \textbf on input line 115.

(C:\Users\Sebastian Schaschek\AppData\Local\Programs\MiKTeX\tex/latex/pgf/utili
ties\pgfpages.sty
Package: pgfpages 2011/01/05 ver 0.02

(C:\Users\Sebastian Schaschek\AppData\Local\Programs\MiKTeX\tex/latex/pgf/basic
layer\pgfcore.sty
(C:\Users\Sebastian Schaschek\AppData\Local\Programs\MiKTeX\tex/latex/graphics\
graphicx.sty
Package: graphicx 2021/09/16 v1.2d Enhanced LaTeX Graphics (DPC,SPQR)

(C:\Users\Sebastian Schaschek\AppData\Local\Programs\MiKTeX\tex/latex/graphics\
graphics.sty
Package: graphics 2021/03/04 v1.4d Standard LaTeX Graphics (DPC,SPQR)

(C:\Users\Sebastian Schaschek\AppData\Local\Programs\MiKTeX\tex/latex/graphics\
trig.sty
Package: trig 2021/08/11 v1.11 sin cos tan (DPC)
)
(C:\Users\Sebastian Schaschek\AppData\Local\Programs\MiKTeX\tex/latex/graphics-
cfg\graphics.cfg
File: graphics.cfg 2016/06/04 v1.11 sample graphics configuration
)
Package graphics Info: Driver file: pdftex.def on input line 107.
)
\Gin@req@height=\dimen259
\Gin@req@width=\dimen260
)
(C:\Users\Sebastian Schaschek\AppData\Local\Programs\MiKTeX\tex/latex/pgf/syste
mlayer\pgfsys.sty
(C:\Users\Sebastian Schaschek\AppData\Local\Programs\MiKTeX\tex/latex/pgf/utili
ties\pgfrcs.sty
(C:\Users\Sebastian Schaschek\AppData\Local\Programs\MiKTeX\tex/generic/pgf/uti
lities\pgfutil-common.tex
\pgfutil@everybye=\toks35
\pgfutil@tempdima=\dimen261
\pgfutil@tempdimb=\dimen262

(C:\Users\Sebastian Schaschek\AppData\Local\Programs\MiKTeX\tex/generic/pgf/uti
lities\pgfutil-common-lists.tex))
(C:\Users\Sebastian Schaschek\AppData\Local\Programs\MiKTeX\tex/generic/pgf/uti
lities\pgfutil-latex.def
\pgfutil@abb=\box61
)
(C:\Users\Sebastian Schaschek\AppData\Local\Programs\MiKTeX\tex/generic/pgf/uti
lities\pgfrcs.code.tex
(C:\Users\Sebastian Schaschek\AppData\Local\Programs\MiKTeX\tex/generic/pgf\pgf
.revision.tex)
Package: pgfrcs 2021/05/15 v3.1.9a (3.1.9a)
))
(C:\Users\Sebastian Schaschek\AppData\Local\Programs\MiKTeX\tex/generic/pgf/sys
temlayer\pgfsys.code.tex
Package: pgfsys 2021/05/15 v3.1.9a (3.1.9a)

(C:\Users\Sebastian Schaschek\AppData\Local\Programs\MiKTeX\tex/generic/pgf/uti
lities\pgfkeys.code.tex
\pgfkeys@pathtoks=\toks36
\pgfkeys@temptoks=\toks37

(C:\Users\Sebastian Schaschek\AppData\Local\Programs\MiKTeX\tex/generic/pgf/uti
lities\pgfkeysfiltered.code.tex
\pgfkeys@tmptoks=\toks38
))
\pgf@x=\dimen263
\pgf@y=\dimen264
\pgf@xa=\dimen265
\pgf@ya=\dimen266
\pgf@xb=\dimen267
\pgf@yb=\dimen268
\pgf@xc=\dimen269
\pgf@yc=\dimen270
\pgf@xd=\dimen271
\pgf@yd=\dimen272
\w@pgf@writea=\write4
\r@pgf@reada=\read4
\c@pgf@counta=\count290
\c@pgf@countb=\count291
\c@pgf@countc=\count292
\c@pgf@countd=\count293
\t@pgf@toka=\toks39
\t@pgf@tokb=\toks40
\t@pgf@tokc=\toks41
\pgf@sys@id@count=\count294

(C:\Users\Sebastian Schaschek\AppData\Local\Programs\MiKTeX\tex/generic/pgf/sys
temlayer\pgf.cfg
File: pgf.cfg 2021/05/15 v3.1.9a (3.1.9a)
)
Driver file for pgf: pgfsys-pdftex.def

(C:\Users\Sebastian Schaschek\AppData\Local\Programs\MiKTeX\tex/generic/pgf/sys
temlayer\pgfsys-pdftex.def
File: pgfsys-pdftex.def 2021/05/15 v3.1.9a (3.1.9a)

(C:\Users\Sebastian Schaschek\AppData\Local\Programs\MiKTeX\tex/generic/pgf/sys
temlayer\pgfsys-common-pdf.def
File: pgfsys-common-pdf.def 2021/05/15 v3.1.9a (3.1.9a)
)))
(C:\Users\Sebastian Schaschek\AppData\Local\Programs\MiKTeX\tex/generic/pgf/sys
temlayer\pgfsyssoftpath.code.tex
File: pgfsyssoftpath.code.tex 2021/05/15 v3.1.9a (3.1.9a)
\pgfsyssoftpath@smallbuffer@items=\count295
\pgfsyssoftpath@bigbuffer@items=\count296
)
(C:\Users\Sebastian Schaschek\AppData\Local\Programs\MiKTeX\tex/generic/pgf/sys
temlayer\pgfsysprotocol.code.tex
File: pgfsysprotocol.code.tex 2021/05/15 v3.1.9a (3.1.9a)
))
(C:\Users\Sebastian Schaschek\AppData\Local\Programs\MiKTeX\tex/generic/pgf/bas
iclayer\pgfcore.code.tex
Package: pgfcore 2021/05/15 v3.1.9a (3.1.9a)

(C:\Users\Sebastian Schaschek\AppData\Local\Programs\MiKTeX\tex/generic/pgf/mat
h\pgfmath.code.tex
(C:\Users\Sebastian Schaschek\AppData\Local\Programs\MiKTeX\tex/generic/pgf/mat
h\pgfmathcalc.code.tex
(C:\Users\Sebastian Schaschek\AppData\Local\Programs\MiKTeX\tex/generic/pgf/mat
h\pgfmathutil.code.tex)
(C:\Users\Sebastian Schaschek\AppData\Local\Programs\MiKTeX\tex/generic/pgf/mat
h\pgfmathparser.code.tex
\pgfmath@dimen=\dimen273
\pgfmath@count=\count297
\pgfmath@box=\box62
\pgfmath@toks=\toks42
\pgfmath@stack@operand=\toks43
\pgfmath@stack@operation=\toks44
)
(C:\Users\Sebastian Schaschek\AppData\Local\Programs\MiKTeX\tex/generic/pgf/mat
h\pgfmathfunctions.code.tex
(C:\Users\Sebastian Schaschek\AppData\Local\Programs\MiKTeX\tex/generic/pgf/mat
h\pgfmathfunctions.basic.code.tex)
(C:\Users\Sebastian Schaschek\AppData\Local\Programs\MiKTeX\tex/generic/pgf/mat
h\pgfmathfunctions.trigonometric.code.tex)
(C:\Users\Sebastian Schaschek\AppData\Local\Programs\MiKTeX\tex/generic/pgf/mat
h\pgfmathfunctions.random.code.tex)
(C:\Users\Sebastian Schaschek\AppData\Local\Programs\MiKTeX\tex/generic/pgf/mat
h\pgfmathfunctions.comparison.code.tex)
(C:\Users\Sebastian Schaschek\AppData\Local\Programs\MiKTeX\tex/generic/pgf/mat
h\pgfmathfunctions.base.code.tex)
(C:\Users\Sebastian Schaschek\AppData\Local\Programs\MiKTeX\tex/generic/pgf/mat
h\pgfmathfunctions.round.code.tex)
(C:\Users\Sebastian Schaschek\AppData\Local\Programs\MiKTeX\tex/generic/pgf/mat
h\pgfmathfunctions.misc.code.tex)
(C:\Users\Sebastian Schaschek\AppData\Local\Programs\MiKTeX\tex/generic/pgf/mat
h\pgfmathfunctions.integerarithmetics.code.tex)))
(C:\Users\Sebastian Schaschek\AppData\Local\Programs\MiKTeX\tex/generic/pgf/mat
h\pgfmathfloat.code.tex
\c@pgfmathroundto@lastzeros=\count298
))
(C:\Users\Sebastian Schaschek\AppData\Local\Programs\MiKTeX\tex/generic/pgf/mat
h\pgfint.code.tex)
(C:\Users\Sebastian Schaschek\AppData\Local\Programs\MiKTeX\tex/generic/pgf/bas
iclayer\pgfcorepoints.code.tex
File: pgfcorepoints.code.tex 2021/05/15 v3.1.9a (3.1.9a)
\pgf@picminx=\dimen274
\pgf@picmaxx=\dimen275
\pgf@picminy=\dimen276
\pgf@picmaxy=\dimen277
\pgf@pathminx=\dimen278
\pgf@pathmaxx=\dimen279
\pgf@pathminy=\dimen280
\pgf@pathmaxy=\dimen281
\pgf@xx=\dimen282
\pgf@xy=\dimen283
\pgf@yx=\dimen284
\pgf@yy=\dimen285
\pgf@zx=\dimen286
\pgf@zy=\dimen287
)
(C:\Users\Sebastian Schaschek\AppData\Local\Programs\MiKTeX\tex/generic/pgf/bas
iclayer\pgfcorepathconstruct.code.tex
File: pgfcorepathconstruct.code.tex 2021/05/15 v3.1.9a (3.1.9a)
\pgf@path@lastx=\dimen288
\pgf@path@lasty=\dimen289
)
(C:\Users\Sebastian Schaschek\AppData\Local\Programs\MiKTeX\tex/generic/pgf/bas
iclayer\pgfcorepathusage.code.tex
File: pgfcorepathusage.code.tex 2021/05/15 v3.1.9a (3.1.9a)
\pgf@shorten@end@additional=\dimen290
\pgf@shorten@start@additional=\dimen291
)
(C:\Users\Sebastian Schaschek\AppData\Local\Programs\MiKTeX\tex/generic/pgf/bas
iclayer\pgfcorescopes.code.tex
File: pgfcorescopes.code.tex 2021/05/15 v3.1.9a (3.1.9a)
\pgfpic=\box63
\pgf@hbox=\box64
\pgf@layerbox@main=\box65
\pgf@picture@serial@count=\count299
)
(C:\Users\Sebastian Schaschek\AppData\Local\Programs\MiKTeX\tex/generic/pgf/bas
iclayer\pgfcoregraphicstate.code.tex
File: pgfcoregraphicstate.code.tex 2021/05/15 v3.1.9a (3.1.9a)
\pgflinewidth=\dimen292
)
(C:\Users\Sebastian Schaschek\AppData\Local\Programs\MiKTeX\tex/generic/pgf/bas
iclayer\pgfcoretransformations.code.tex
File: pgfcoretransformations.code.tex 2021/05/15 v3.1.9a (3.1.9a)
\pgf@pt@x=\dimen293
\pgf@pt@y=\dimen294
\pgf@pt@temp=\dimen295
)
(C:\Users\Sebastian Schaschek\AppData\Local\Programs\MiKTeX\tex/generic/pgf/bas
iclayer\pgfcorequick.code.tex
File: pgfcorequick.code.tex 2021/05/15 v3.1.9a (3.1.9a)
)
(C:\Users\Sebastian Schaschek\AppData\Local\Programs\MiKTeX\tex/generic/pgf/bas
iclayer\pgfcoreobjects.code.tex
File: pgfcoreobjects.code.tex 2021/05/15 v3.1.9a (3.1.9a)
)
(C:\Users\Sebastian Schaschek\AppData\Local\Programs\MiKTeX\tex/generic/pgf/bas
iclayer\pgfcorepathprocessing.code.tex
File: pgfcorepathprocessing.code.tex 2021/05/15 v3.1.9a (3.1.9a)
)
(C:\Users\Sebastian Schaschek\AppData\Local\Programs\MiKTeX\tex/generic/pgf/bas
iclayer\pgfcorearrows.code.tex
File: pgfcorearrows.code.tex 2021/05/15 v3.1.9a (3.1.9a)
\pgfarrowsep=\dimen296
)
(C:\Users\Sebastian Schaschek\AppData\Local\Programs\MiKTeX\tex/generic/pgf/bas
iclayer\pgfcoreshade.code.tex
File: pgfcoreshade.code.tex 2021/05/15 v3.1.9a (3.1.9a)
\pgf@max=\dimen297
\pgf@sys@shading@range@num=\count300
\pgf@shadingcount=\count301
)
(C:\Users\Sebastian Schaschek\AppData\Local\Programs\MiKTeX\tex/generic/pgf/bas
iclayer\pgfcoreimage.code.tex
File: pgfcoreimage.code.tex 2021/05/15 v3.1.9a (3.1.9a)

(C:\Users\Sebastian Schaschek\AppData\Local\Programs\MiKTeX\tex/generic/pgf/bas
iclayer\pgfcoreexternal.code.tex
File: pgfcoreexternal.code.tex 2021/05/15 v3.1.9a (3.1.9a)
\pgfexternal@startupbox=\box66
))
(C:\Users\Sebastian Schaschek\AppData\Local\Programs\MiKTeX\tex/generic/pgf/bas
iclayer\pgfcorelayers.code.tex
File: pgfcorelayers.code.tex 2021/05/15 v3.1.9a (3.1.9a)
)
(C:\Users\Sebastian Schaschek\AppData\Local\Programs\MiKTeX\tex/generic/pgf/bas
iclayer\pgfcoretransparency.code.tex
File: pgfcoretransparency.code.tex 2021/05/15 v3.1.9a (3.1.9a)
)
(C:\Users\Sebastian Schaschek\AppData\Local\Programs\MiKTeX\tex/generic/pgf/bas
iclayer\pgfcorepatterns.code.tex
File: pgfcorepatterns.code.tex 2021/05/15 v3.1.9a (3.1.9a)
)
(C:\Users\Sebastian Schaschek\AppData\Local\Programs\MiKTeX\tex/generic/pgf/bas
iclayer\pgfcorerdf.code.tex
File: pgfcorerdf.code.tex 2021/05/15 v3.1.9a (3.1.9a)
)))
\pgf@logicalpages=\count302
\pgf@firstshipout=\count303
\pgf@lastshipout=\count304
\pgf@currentshipout=\count305
\pgf@cpn=\count306
\pgf@shipoutnextto=\count307
\pgfphysicalheight=\dimen298
\pgfphysicalwidth=\dimen299
\pgfpages@shipoutbox=\box67
)
\pgfpages@box@1=\box68
\pgfpages@box@2=\box69
\pgfpages@box@3=\box70
\pgfpages@box@4=\box71
\pgfpages@box@5=\box72
\pgfpages@box@6=\box73
\pgfpages@box@7=\box74
\pgfpages@box@8=\box75
LaTeX Font Info:    Trying to load font information for T1+lmr on input line 17
0.

(C:\Users\Sebastian Schaschek\AppData\Local\Programs\MiKTeX\tex/latex/lm\t1lmr.
fd
File: t1lmr.fd 2015/05/01 v1.6.1 Font defs for Latin Modern
)
(C:\Users\Sebastian Schaschek\AppData\Local\Programs\MiKTeX\tex/latex/l3backend
\l3backend-pdftex.def
File: l3backend-pdftex.def 2022-04-20 L3 backend support: PDF output (pdfTeX)
\l__color_backend_stack_int=\count308
\l__pdf_internal_box=\box76
) (LinA2Cards.aux)
\openout1 = `LinA2Cards.aux'.

LaTeX Font Info:    Checking defaults for OML/cmm/m/it on input line 170.
LaTeX Font Info:    ... okay on input line 170.
LaTeX Font Info:    Checking defaults for OMS/cmsy/m/n on input line 170.
LaTeX Font Info:    ... okay on input line 170.
LaTeX Font Info:    Checking defaults for OT1/cmr/m/n on input line 170.
LaTeX Font Info:    ... okay on input line 170.
LaTeX Font Info:    Checking defaults for T1/cmr/m/n on input line 170.
LaTeX Font Info:    ... okay on input line 170.
LaTeX Font Info:    Checking defaults for TS1/cmr/m/n on input line 170.
LaTeX Font Info:    ... okay on input line 170.
LaTeX Font Info:    Checking defaults for OMX/cmex/m/n on input line 170.
LaTeX Font Info:    ... okay on input line 170.
LaTeX Font Info:    Checking defaults for U/cmr/m/n on input line 170.
LaTeX Font Info:    ... okay on input line 170.

*geometry* driver: auto-detecting
*geometry* detected driver: pdftex
*geometry* verbose mode - [ preamble ] result:
* driver: pdftex
* paper: custom
* layout: <same size as paper>
* layoutoffset:(h,v)=(0.0pt,0.0pt)
* modes: 
* h-part:(L,W,R)=(21.90005pt, 254.95383pt, 21.90005pt)
* v-part:(T,H,B)=(21.90005pt, 178.41162pt, 10.95003pt)
* \paperwidth=298.75394pt
* \paperheight=211.2617pt
* \textwidth=254.95383pt
* \textheight=178.41162pt
* \oddsidemargin=-50.36993pt
* \evensidemargin=-50.36993pt
* \topmargin=-87.36993pt
* \headheight=12.0pt
* \headsep=25.0pt
* \topskip=11.0pt
* \footskip=30.0pt
* \marginparwidth=59.0pt
* \marginparsep=10.0pt
* \columnsep=10.0pt
* \skip\footins=10.0pt plus 4.0pt minus 2.0pt
* \hoffset=0.0pt
* \voffset=0.0pt
* \mag=1000
* \@twocolumnfalse
* \@twosidefalse
* \@mparswitchfalse
* \@reversemarginfalse
* (1in=72.27pt=25.4mm, 1cm=28.453pt)


(C:\Users\Sebastian Schaschek\AppData\Local\Programs\MiKTeX\tex/context/base/mk
ii\supp-pdf.mkii
[Loading MPS to PDF converter (version 2006.09.02).]
\scratchcounter=\count309
\scratchdimen=\dimen300
\scratchbox=\box77
\nofMPsegments=\count310
\nofMParguments=\count311
\everyMPshowfont=\toks45
\MPscratchCnt=\count312
\MPscratchDim=\dimen301
\MPnumerator=\count313
\makeMPintoPDFobject=\count314
\everyMPtoPDFconversion=\toks46
)
(C:\Users\Sebastian Schaschek\AppData\Local\Programs\MiKTeX\tex/latex/epstopdf-
pkg\epstopdf-base.sty
Package: epstopdf-base 2020-01-24 v2.11 Base part for package epstopdf
Package epstopdf-base Info: Redefining graphics rule for `.eps' on input line 4
85.

(C:\Users\Sebastian Schaschek\AppData\Local\Programs\MiKTeX\tex/latex/00miktex\
epstopdf-sys.cfg
File: epstopdf-sys.cfg 2021/03/18 v2.0 Configuration of epstopdf for MiKTeX
))
LaTeX Font Info:    Trying to load font information for OT1+lmr on input line 1
70.

(C:\Users\Sebastian Schaschek\AppData\Local\Programs\MiKTeX\tex/latex/lm\ot1lmr
.fd
File: ot1lmr.fd 2015/05/01 v1.6.1 Font defs for Latin Modern
)
LaTeX Font Info:    Trying to load font information for OML+lmm on input line 1
70.

(C:\Users\Sebastian Schaschek\AppData\Local\Programs\MiKTeX\tex/latex/lm\omllmm
.fd
File: omllmm.fd 2015/05/01 v1.6.1 Font defs for Latin Modern
)
LaTeX Font Info:    Trying to load font information for OMS+lmsy on input line 
170.

(C:\Users\Sebastian Schaschek\AppData\Local\Programs\MiKTeX\tex/latex/lm\omslms
y.fd
File: omslmsy.fd 2015/05/01 v1.6.1 Font defs for Latin Modern
)
LaTeX Font Info:    Trying to load font information for OMX+lmex on input line 
170.

(C:\Users\Sebastian Schaschek\AppData\Local\Programs\MiKTeX\tex/latex/lm\omxlme
x.fd
File: omxlmex.fd 2015/05/01 v1.6.1 Font defs for Latin Modern
)
LaTeX Font Info:    External font `lmex10' loaded for size
(Font)              <10.95> on input line 170.
LaTeX Font Info:    External font `lmex10' loaded for size
(Font)              <8> on input line 170.
LaTeX Font Info:    External font `lmex10' loaded for size
(Font)              <6> on input line 170.
LaTeX Font Info:    Trying to load font information for U+msa on input line 170
.

(C:\Users\Sebastian Schaschek\AppData\Local\Programs\MiKTeX\tex/latex/amsfonts\
umsa.fd
File: umsa.fd 2013/01/14 v3.01 AMS symbols A
)
LaTeX Font Info:    Trying to load font information for U+msb on input line 170
.

(C:\Users\Sebastian Schaschek\AppData\Local\Programs\MiKTeX\tex/latex/amsfonts\
umsb.fd
File: umsb.fd 2013/01/14 v3.01 AMS symbols B
)
LaTeX Font Info:    Trying to load font information for U+stmry on input line 1
70.

(C:\Users\Sebastian Schaschek\AppData\Local\Programs\MiKTeX\tex/latex/stmaryrd\
ustmry.fd)
Package xypdf Info: Line width: 0.39998pt on input line 170.
LaTeX Font Info:    Trying to load font information for T1+lmss on input line 1
79.

(C:\Users\Sebastian Schaschek\AppData\Local\Programs\MiKTeX\tex/latex/lm\t1lmss
.fd
File: t1lmss.fd 2015/05/01 v1.6.1 Font defs for Latin Modern
)
Overfull \hbox (18.25067pt too wide) in paragraph at lines 181--181
[][] 
 []

LaTeX Font Info:    External font `lmex10' loaded for size
(Font)              <5> on input line 195.

Overfull \hbox (18.25067pt too wide) in paragraph at lines 201--201
[][] 
 []


Overfull \hbox (18.25067pt too wide) in paragraph at lines 221--221
[][] 
 []


Overfull \hbox (18.25067pt too wide) in paragraph at lines 241--241
[][] 
 []


Overfull \hbox (18.25067pt too wide) in paragraph at lines 260--260
[][] 
 []

[9

{C:/Users/Sebastian Schaschek/AppData/Local/MiKTeX/fonts/map/pdftex/pdftex.map}
]
Overfull \hbox (18.25067pt too wide) in paragraph at lines 267--267
[][] 
 []


Overfull \hbox (18.25067pt too wide) in paragraph at lines 278--278
[][] 
 []


Overfull \hbox (18.25067pt too wide) in paragraph at lines 290--290
[][] 
 []


Overfull \hbox (18.25067pt too wide) in paragraph at lines 303--303
[][] 
 []

[17]
Overfull \hbox (1.02551pt too wide) in paragraph at lines 307--308
[]\T1/lmr/m/n/10.95 Zwei qua-dra-ti-sche Ma-tri-zen $\OML/lmm/m/it/10.95 A; A[]
$ \T1/lmr/m/n/10.95 sind \T1/lmss/bx/n/10.95 kon-gru-ent\T1/lmr/m/n/10.95 , fal
ls
 []

LaTeX Font Info:    Trying to load font information for T1+lmtt on input line 3
20.

(C:\Users\Sebastian Schaschek\AppData\Local\Programs\MiKTeX\tex/latex/lm\t1lmtt
.fd
File: t1lmtt.fd 2015/05/01 v1.6.1 Font defs for Latin Modern
)
Overfull \hbox (3.21451pt too wide) in paragraph at lines 353--353
[]\T1/lmr/m/n/10.95 Eine Bi-li-ne-ar-form $\OML/lmm/m/it/10.95 ^^L$ \T1/lmr/m/n
/10.95 ist \T1/lmss/bx/n/10.95 sym-me-trisch \T1/lmr/m/n/10.95 ge-nau dann, wen
n
 []

[25]
Overfull \hbox (3.21451pt too wide) in paragraph at lines 355--356
[]\T1/lmr/m/n/10.95 Eine Bi-li-ne-ar-form $\OML/lmm/m/it/10.95 ^^L$ \T1/lmr/m/n
/10.95 ist \T1/lmss/bx/n/10.95 sym-me-trisch \T1/lmr/m/n/10.95 ge-nau dann, wen
n
 []


Overfull \hbox (4.33261pt too wide) in paragraph at lines 363--363
[]\T1/lmr/m/n/10.95 Eine Bi-li-ne-ar-form $\OML/lmm/m/it/10.95 ^^L$ \T1/lmr/m/n
/10.95 ist \T1/lmss/bx/n/10.95 schief-sym-me-trisch \T1/lmr/m/n/10.95 ge-nau da
nn,
 []


Overfull \hbox (4.33261pt too wide) in paragraph at lines 365--366
[]\T1/lmr/m/n/10.95 Eine Bi-li-ne-ar-form $\OML/lmm/m/it/10.95 ^^L$ \T1/lmr/m/n
/10.95 ist \T1/lmss/bx/n/10.95 schief-sym-me-trisch \T1/lmr/m/n/10.95 ge-nau da
nn,
 []


Overfull \hbox (0.27481pt too wide) in paragraph at lines 373--373
[]\T1/lmr/m/n/10.95 Eine Bi-li-ne-ar-form $\OML/lmm/m/it/10.95 ^^L$ \T1/lmr/m/n
/10.95 ist \T1/lmss/bx/n/10.95 al-ter-nie-rend \T1/lmr/m/n/10.95 ge-nau dann, w
enn
 []


Overfull \hbox (0.27481pt too wide) in paragraph at lines 375--376
[]\T1/lmr/m/n/10.95 Eine Bi-li-ne-ar-form $\OML/lmm/m/it/10.95 ^^L$ \T1/lmr/m/n
/10.95 ist \T1/lmss/bx/n/10.95 al-ter-nie-rend \T1/lmr/m/n/10.95 ge-nau dann, w
enn
 []

LaTeX Font Info:    Trying to load font information for TS1+lmr on input line 3
90.

(C:\Users\Sebastian Schaschek\AppData\Local\Programs\MiKTeX\tex/latex/lm\ts1lmr
.fd
File: ts1lmr.fd 2015/05/01 v1.6.1 Font defs for Latin Modern
)
Overfull \hbox (18.25067pt too wide) in paragraph at lines 392--392
[][] 
 []


Overfull \hbox (18.25067pt too wide) in paragraph at lines 423--423
[][] 
 []

[33] [41]
Overfull \hbox (15.43709pt too wide) in paragraph at lines 484--484
[]\T1/lmr/m/n/10.95 Eine her-mi-te-sche Bi-li-ne-ar-form $\OML/lmm/m/it/10.95 ^
^L$ \T1/lmr/m/n/10.95 auf ei-nem $\U/msb/m/n/10.95 C$\T1/lmr/m/n/10.95 -Vektorr
aum
 []


Overfull \hbox (15.43709pt too wide) in paragraph at lines 486--487
[]\T1/lmr/m/n/10.95 Eine her-mi-te-sche Bi-li-ne-ar-form $\OML/lmm/m/it/10.95 ^
^L$ \T1/lmr/m/n/10.95 auf ei-nem $\U/msb/m/n/10.95 C$\T1/lmr/m/n/10.95 -Vektorr
aum
 []

[49]
Overfull \hbox (13.80725pt too wide) in paragraph at lines 554--556
[]\T1/lmr/m/n/10.95 In je-dem eu-kli-di-schen oder uni-tär-en Vektor-raum $\OT1
/lmr/m/n/10.95 (\OML/lmm/m/it/10.95 V; \OMS/lmsy/m/n/10.95 h^^A\OML/lmm/m/it/10
.95 ; \OMS/lmsy/m/n/10.95 ^^Ai\OT1/lmr/m/n/10.95 )$
 []


Overfull \hbox (18.25067pt too wide) in paragraph at lines 557--557
[][] 
 []


Overfull \hbox (13.80725pt too wide) in paragraph at lines 566--568
[]\T1/lmr/m/n/10.95 In je-dem eu-kli-di-schen oder uni-tär-en Vektor-raum $\OT1
/lmr/m/n/10.95 (\OML/lmm/m/it/10.95 V; \OMS/lmsy/m/n/10.95 h^^A\OML/lmm/m/it/10
.95 ; \OMS/lmsy/m/n/10.95 ^^Ai\OT1/lmr/m/n/10.95 )$
 []


Overfull \hbox (13.80725pt too wide) in paragraph at lines 580--582
[]\T1/lmr/m/n/10.95 In je-dem eu-kli-di-schen oder uni-tär-en Vektor-raum $\OT1
/lmr/m/n/10.95 (\OML/lmm/m/it/10.95 V; \OMS/lmsy/m/n/10.95 h^^A\OML/lmm/m/it/10
.95 ; \OMS/lmsy/m/n/10.95 ^^Ai\OT1/lmr/m/n/10.95 )$
 []


Overfull \hbox (18.25067pt too wide) in paragraph at lines 584--584
[][] 
 []

[57]
Overfull \hbox (13.80725pt too wide) in paragraph at lines 592--594
[]\T1/lmr/m/n/10.95 In je-dem eu-kli-di-schen oder uni-tär-en Vektor-raum $\OT1
/lmr/m/n/10.95 (\OML/lmm/m/it/10.95 V; \OMS/lmsy/m/n/10.95 h^^A\OML/lmm/m/it/10
.95 ; \OMS/lmsy/m/n/10.95 ^^Ai\OT1/lmr/m/n/10.95 )$
 []


Overfull \hbox (13.80725pt too wide) in paragraph at lines 606--608
[]\T1/lmr/m/n/10.95 In je-dem eu-kli-di-schen oder uni-tär-en Vektor-raum $\OT1
/lmr/m/n/10.95 (\OML/lmm/m/it/10.95 V; \OMS/lmsy/m/n/10.95 h^^A\OML/lmm/m/it/10
.95 ; \OMS/lmsy/m/n/10.95 ^^Ai\OT1/lmr/m/n/10.95 )$
 []


Overfull \hbox (18.25067pt too wide) in paragraph at lines 612--612
[][] 
 []


Overfull \hbox (13.80725pt too wide) in paragraph at lines 618--620
[]\T1/lmr/m/n/10.95 In je-dem eu-kli-di-schen oder uni-tär-en Vektor-raum $\OT1
/lmr/m/n/10.95 (\OML/lmm/m/it/10.95 V; \OMS/lmsy/m/n/10.95 h^^A\OML/lmm/m/it/10
.95 ; \OMS/lmsy/m/n/10.95 ^^Ai\OT1/lmr/m/n/10.95 )$
 []


Overfull \hbox (13.80725pt too wide) in paragraph at lines 631--633
[]\T1/lmr/m/n/10.95 In je-dem eu-kli-di-schen oder uni-tär-en Vektor-raum $\OT1
/lmr/m/n/10.95 (\OML/lmm/m/it/10.95 V; \OMS/lmsy/m/n/10.95 h^^A\OML/lmm/m/it/10
.95 ; \OMS/lmsy/m/n/10.95 ^^Ai\OT1/lmr/m/n/10.95 )$
 []


Overfull \hbox (18.25067pt too wide) in paragraph at lines 639--639
[][] 
 []


Overfull \hbox (13.80725pt too wide) in paragraph at lines 643--645
[]\T1/lmr/m/n/10.95 In je-dem eu-kli-di-schen oder uni-tär-en Vektor-raum $\OT1
/lmr/m/n/10.95 (\OML/lmm/m/it/10.95 V; \OMS/lmsy/m/n/10.95 h^^A\OML/lmm/m/it/10
.95 ; \OMS/lmsy/m/n/10.95 ^^Ai\OT1/lmr/m/n/10.95 )$
 []


Overfull \hbox (2.91875pt too wide) in paragraph at lines 664--665
[]\T1/lmr/m/n/10.95 Sei $\OT1/lmr/m/n/10.95 (\OML/lmm/m/it/10.95 V; \OMS/lmsy/m
/n/10.95 h^^A\OML/lmm/m/it/10.95 ; \OMS/lmsy/m/n/10.95 ^^Ai\OT1/lmr/m/n/10.95 )
$ \T1/lmr/m/n/10.95 ein eu-kli-di-scher oder uni-tär-er Vektor-raum.
 []


Overfull \hbox (2.91875pt too wide) in paragraph at lines 667--668
[]\T1/lmr/m/n/10.95 Sei $\OT1/lmr/m/n/10.95 (\OML/lmm/m/it/10.95 V; \OMS/lmsy/m
/n/10.95 h^^A\OML/lmm/m/it/10.95 ; \OMS/lmsy/m/n/10.95 ^^Ai\OT1/lmr/m/n/10.95 )
$ \T1/lmr/m/n/10.95 ein eu-kli-di-scher oder uni-tär-er Vektor-raum.
 []


Overfull \hbox (2.91875pt too wide) in paragraph at lines 672--673
[]\T1/lmr/m/n/10.95 Sei $\OT1/lmr/m/n/10.95 (\OML/lmm/m/it/10.95 V; \OMS/lmsy/m
/n/10.95 h^^A\OML/lmm/m/it/10.95 ; \OMS/lmsy/m/n/10.95 ^^Ai\OT1/lmr/m/n/10.95 )
$ \T1/lmr/m/n/10.95 ein eu-kli-di-scher oder uni-tär-er Vektor-raum.
 []

[65]
Overfull \hbox (2.91875pt too wide) in paragraph at lines 675--676
[]\T1/lmr/m/n/10.95 Sei $\OT1/lmr/m/n/10.95 (\OML/lmm/m/it/10.95 V; \OMS/lmsy/m
/n/10.95 h^^A\OML/lmm/m/it/10.95 ; \OMS/lmsy/m/n/10.95 ^^Ai\OT1/lmr/m/n/10.95 )
$ \T1/lmr/m/n/10.95 ein eu-kli-di-scher oder uni-tär-er Vektor-raum.
 []


Overfull \hbox (2.91875pt too wide) in paragraph at lines 682--683
[]\T1/lmr/m/n/10.95 Sei $\OT1/lmr/m/n/10.95 (\OML/lmm/m/it/10.95 V; \OMS/lmsy/m
/n/10.95 h^^A\OML/lmm/m/it/10.95 ; \OMS/lmsy/m/n/10.95 ^^Ai\OT1/lmr/m/n/10.95 )
$ \T1/lmr/m/n/10.95 ein eu-kli-di-scher oder uni-tär-er Vektor-raum.
 []


Overfull \hbox (2.91875pt too wide) in paragraph at lines 685--687
[]\T1/lmr/m/n/10.95 Sei $\OT1/lmr/m/n/10.95 (\OML/lmm/m/it/10.95 V; \OMS/lmsy/m
/n/10.95 h^^A\OML/lmm/m/it/10.95 ; \OMS/lmsy/m/n/10.95 ^^Ai\OT1/lmr/m/n/10.95 )
$ \T1/lmr/m/n/10.95 ein eu-kli-di-scher oder uni-tär-er Vektor-raum.
 []

[73]
Overfull \hbox (18.25067pt too wide) in paragraph at lines 758--758
[][] 
 []


Overfull \hbox (18.25067pt too wide) in paragraph at lines 782--782
[][] 
 []

[81]
Overfull \hbox (18.25067pt too wide) in paragraph at lines 818--818
[][] 
 []


Overfull \hbox (10.06613pt too wide) in paragraph at lines 840--841
[]\T1/lmr/m/n/10.95 Eigenwerte ei-ner Iso-me-trie in ei-nem eu-kli-di-schen Vek
tor-
 []


Overfull \hbox (10.06613pt too wide) in paragraph at lines 844--845
[]\T1/lmr/m/n/10.95 Eigenwerte ei-ner Iso-me-trie in ei-nem eu-kli-di-schen Vek
tor-
 []

[89]
Overfull \hbox (0.48564pt too wide) in paragraph at lines 859--859
[]\T1/lmr/m/n/10.95 Eigenvektoren zu ver-schie-de-nen Ei-gen-wer-ten ei-ner Iso
-
 []


Overfull \hbox (0.48564pt too wide) in paragraph at lines 863--863
[]\T1/lmr/m/n/10.95 Eigenvektoren zu ver-schie-de-nen Ei-gen-wer-ten ei-ner Iso
-
 []


Overfull \hbox (18.25067pt too wide) in paragraph at lines 874--874
[][] 
 []


Overfull \hbox (18.25067pt too wide) in paragraph at lines 897--897
[][] 
 []


Overfull \hbox (18.25067pt too wide) in paragraph at lines 920--920
[][] 
 []

[97]
Overfull \hbox (18.25067pt too wide) in paragraph at lines 943--943
[][] 
 []


Overfull \hbox (18.25067pt too wide) in paragraph at lines 968--968
[][] 
 []


Overfull \hbox (18.25067pt too wide) in paragraph at lines 968--968
[][] 
 []


Overfull \hbox (13.8337pt too wide) detected at line 968
[]
 []


Overfull \hbox (13.8337pt too wide) detected at line 975
[]
 []


Overfull \hbox (18.25067pt too wide) in paragraph at lines 984--984
[][] 
 []


Overfull \hbox (18.25067pt too wide) in paragraph at lines 984--984
[][] 
 []


Overfull \hbox (13.8337pt too wide) detected at line 984
[]
 []


Overfull \hbox (13.8337pt too wide) detected at line 991
[]
 []

[105]
Overfull \hbox (18.25067pt too wide) in paragraph at lines 1014--1014
[][] 
 []


Overfull \hbox (18.25067pt too wide) in paragraph at lines 1014--1014
[][] 
 []


Overfull \hbox (18.25067pt too wide) in paragraph at lines 1030--1030
[][] 
 []


Overfull \hbox (18.25067pt too wide) in paragraph at lines 1030--1030
[][] 
 []


Overfull \hbox (18.25067pt too wide) in paragraph at lines 1060--1060
[][] 
 []


Overfull \hbox (18.25067pt too wide) in paragraph at lines 1060--1060
[][] 
 []

[113]
Overfull \hbox (18.25067pt too wide) in paragraph at lines 1076--1076
[][] 
 []


Overfull \hbox (18.25067pt too wide) in paragraph at lines 1076--1076
[][] 
 []


Overfull \hbox (18.25067pt too wide) in paragraph at lines 1101--1101
[][] 
 []


Overfull \hbox (18.25067pt too wide) in paragraph at lines 1109--1109
[][] 
 []

[121]
Overfull \hbox (18.25067pt too wide) in paragraph at lines 1168--1168
[][] 
 []


Overfull \hbox (4.01286pt too wide) in paragraph at lines 1168--1169
[]\T1/lmr/m/n/10.95 Jede Iso-me-trie ei-nes $[]$[]endlich-dimensionalen[]euklid
ischen
 []


Overfull \hbox (6.4462pt too wide) in paragraph at lines 1185--1186
[]\T1/lmr/m/n/10.95 Jede Iso-me-trie ei-nes endlich-dimensionalen eu-kli-di-sch
en
 []


Overfull \hbox (18.25067pt too wide) in paragraph at lines 1204--1204
[][] 
 []


Overfull \hbox (6.4462pt too wide) in paragraph at lines 1204--1205
[]\T1/lmr/m/n/10.95 Jede Iso-me-trie ei-nes endlich-dimensionalen eu-kli-di-sch
en
 []

[129]
Overfull \hbox (6.4462pt too wide) in paragraph at lines 1221--1222
[]\T1/lmr/m/n/10.95 Jede Iso-me-trie ei-nes endlich-dimensionalen eu-kli-di-sch
en
 []


Overfull \hbox (6.4462pt too wide) in paragraph at lines 1240--1241
[]\T1/lmr/m/n/10.95 Jede Iso-me-trie ei-nes endlich-dimensionalen eu-kli-di-sch
en
 []


Overfull \hbox (6.4462pt too wide) in paragraph at lines 1245--1246
[]\T1/lmr/m/n/10.95 Jede Iso-me-trie ei-nes endlich-dimensionalen eu-kli-di-sch
en
 []


Overfull \hbox (12.72293pt too wide) in paragraph at lines 1270--1272
\T1/lmr/m/n/10.95 Ein Unter-vektor-raum $\OML/lmm/m/it/10.95 W \OMS/lmsy/m/n/10
.95 ^^R \OML/lmm/m/it/10.95 V$ \T1/lmr/m/n/10.95 heiÿt \T1/lmss/bx/n/10.95 f-st
abil\T1/lmr/m/n/10.95 , falls $\OML/lmm/m/it/10.95 f\OT1/lmr/m/n/10.95 (\OML/lm
m/m/it/10.95 W\OT1/lmr/m/n/10.95 ) \OMS/lmsy/m/n/10.95 ^^R
 []


Overfull \hbox (23.08643pt too wide) in paragraph at lines 1284--1285
\T1/lmr/m/n/10.95 schen Vektor-raums $\OML/lmm/m/it/10.95 V \OMS/lmsy/m/n/10.95
 6\OT1/lmr/m/n/10.95 = \OMS/lmsy/m/n/10.95 f\OT1/lmr/m/n/10.95 0\OMS/lmsy/m/n/1
0.95 g$ \T1/lmr/m/n/10.95 be-sitzt ...[](Untervektorraum)[] 
 []


Overfull \hbox (18.25067pt too wide) in paragraph at lines 1297--1297
[][] 
 []


Overfull \hbox (24.39226pt too wide) in paragraph at lines 1297--1298
[]\T1/lmr/m/n/10.95 Jede Iso-me-trie ei-nes $[]$[]endlich-dimensionalen[]unitär
en Vektor-
 []


Overfull \hbox (10.92995pt too wide) in paragraph at lines 1297--1298
\T1/lmr/m/n/10.95 raums wird be-züg-lich ei-ner ge-eig-ne-ten \T1/lmr/m/it/10.9
5 Or-tho-nor-mal\T1/lmr/m/n/10.95 basis
 []

[137]
Overfull \hbox (18.25067pt too wide) in paragraph at lines 1321--1321
[][] 
 []


Overfull \hbox (18.25067pt too wide) in paragraph at lines 1379--1379
[][] 
 []


Overfull \hbox (0.2724pt too wide) in paragraph at lines 1379--1380
[]$[]$[]\T1/lmr/m/n/10.95 Die li-nea-re Ab-bil-dung $\OML/lmm/m/it/10.95 f[] \O
T1/lmr/m/n/10.95 : \OML/lmm/m/it/10.95 K[] [][]\OMS/lmsy/m/n/10.95 ! \OML/lmm/m
/it/10.95 K[]$ \T1/lmr/m/n/10.95 ist \T1/lmr/m/it/10.95 selbst-
 []


Overfull \hbox (3.30511pt too wide) in paragraph at lines 1379--1380
\T1/lmr/m/it/10.95 ad-jun-giert \T1/lmr/m/n/10.95 be-züg-lich des Stan-dards-ka
-lar-pro-dukts
 []

[145]
Overfull \hbox (0.2724pt too wide) in paragraph at lines 1386--1387
[]\T1/lmr/m/n/10.95 Die li-nea-re Ab-bil-dung $\OML/lmm/m/it/10.95 f[] \OT1/lmr
/m/n/10.95 : \OML/lmm/m/it/10.95 K[] [][]\OMS/lmsy/m/n/10.95 ! \OML/lmm/m/it/10
.95 K[]$ \T1/lmr/m/n/10.95 ist \T1/lmr/m/it/10.95 selbst-
 []


Overfull \hbox (3.30511pt too wide) in paragraph at lines 1386--1387
\T1/lmr/m/it/10.95 ad-jun-giert \T1/lmr/m/n/10.95 be-züg-lich des Stan-dards-ka
-lar-pro-dukts
 []


Overfull \hbox (0.2724pt too wide) in paragraph at lines 1395--1396
[]\T1/lmr/m/n/10.95 Die li-nea-re Ab-bil-dung $\OML/lmm/m/it/10.95 f[] \OT1/lmr
/m/n/10.95 : \OML/lmm/m/it/10.95 K[] [][]\OMS/lmsy/m/n/10.95 ! \OML/lmm/m/it/10
.95 K[]$ \T1/lmr/m/n/10.95 ist \T1/lmr/m/it/10.95 selbst-
 []


Overfull \hbox (3.30511pt too wide) in paragraph at lines 1395--1396
\T1/lmr/m/it/10.95 ad-jun-giert \T1/lmr/m/n/10.95 be-züg-lich des Stan-dards-ka
-lar-pro-dukts
 []


Overfull \hbox (18.25067pt too wide) in paragraph at lines 1396--1396
[][] 
 []


Overfull \hbox (0.2724pt too wide) in paragraph at lines 1402--1403
[]\T1/lmr/m/n/10.95 Die li-nea-re Ab-bil-dung $\OML/lmm/m/it/10.95 f[] \OT1/lmr
/m/n/10.95 : \OML/lmm/m/it/10.95 K[] [][]\OMS/lmsy/m/n/10.95 ! \OML/lmm/m/it/10
.95 K[]$ \T1/lmr/m/n/10.95 ist \T1/lmr/m/it/10.95 selbst-
 []


Overfull \hbox (3.30511pt too wide) in paragraph at lines 1402--1403
\T1/lmr/m/it/10.95 ad-jun-giert \T1/lmr/m/n/10.95 be-züg-lich des Stan-dards-ka
-lar-pro-dukts
 []


Overfull \hbox (2.27412pt too wide) in paragraph at lines 1413--1414
[]\T1/lmr/m/n/10.95 Alle Ei-gen-wer-te ei-nes \T1/lmr/m/it/10.95 selbst-ad-jun-
gier-ten \T1/lmr/m/n/10.95 En-do-mor-phis-
 []


Overfull \hbox (2.27412pt too wide) in paragraph at lines 1416--1417
[]\T1/lmr/m/n/10.95 Alle Ei-gen-wer-te ei-nes \T1/lmr/m/it/10.95 selbst-ad-jun-
gier-ten \T1/lmr/m/n/10.95 En-do-mor-phis-
 []


Overfull \hbox (12.50052pt too wide) in paragraph at lines 1421--1422
[]\T1/lmr/m/n/10.95 Eigenvektoren zu ver-schie-de-nen Ei-gen-wer-ten ei-nes \T1
/lmr/m/it/10.95 selbst-
 []


Overfull \hbox (12.50052pt too wide) in paragraph at lines 1424--1425
[]\T1/lmr/m/n/10.95 Eigenvektoren zu ver-schie-de-nen Ei-gen-wer-ten ei-nes \T1
/lmr/m/it/10.95 selbst-
 []


Underfull \hbox (badness 10000) in paragraph at lines 1434--1435

 []


Overfull \hbox (5.32106pt too wide) in paragraph at lines 1436--1437
[]\T1/lmr/m/n/10.95 Sei $\OT1/lmr/m/n/10.95 (\OML/lmm/m/it/10.95 V; \OMS/lmsy/m
/n/10.95 h^^A\OML/lmm/m/it/10.95 ; \OMS/lmsy/m/n/10.95 ^^Ai\OT1/lmr/m/n/10.95 )
$ \T1/lmr/m/n/10.95 ein endlich-dimensionaler eu-kli-di-scher oder
 []


Overfull \hbox (18.25067pt too wide) in paragraph at lines 1438--1438
[][] 
 []

[153]
Overfull \hbox (5.32106pt too wide) in paragraph at lines 1443--1444
[]\T1/lmr/m/n/10.95 Sei $\OT1/lmr/m/n/10.95 (\OML/lmm/m/it/10.95 V; \OMS/lmsy/m
/n/10.95 h^^A\OML/lmm/m/it/10.95 ; \OMS/lmsy/m/n/10.95 ^^Ai\OT1/lmr/m/n/10.95 )
$ \T1/lmr/m/n/10.95 ein endlich-dimensionaler eu-kli-di-scher oder
 []


Overfull \hbox (5.32106pt too wide) in paragraph at lines 1452--1453
[]\T1/lmr/m/n/10.95 Sei $\OT1/lmr/m/n/10.95 (\OML/lmm/m/it/10.95 V; \OMS/lmsy/m
/n/10.95 h^^A\OML/lmm/m/it/10.95 ; \OMS/lmsy/m/n/10.95 ^^Ai\OT1/lmr/m/n/10.95 )
$ \T1/lmr/m/n/10.95 ein endlich-dimensionaler eu-kli-di-scher oder
 []


Overfull \hbox (18.25067pt too wide) in paragraph at lines 1454--1454
[][] 
 []


Overfull \hbox (5.32106pt too wide) in paragraph at lines 1459--1460
[]\T1/lmr/m/n/10.95 Sei $\OT1/lmr/m/n/10.95 (\OML/lmm/m/it/10.95 V; \OMS/lmsy/m
/n/10.95 h^^A\OML/lmm/m/it/10.95 ; \OMS/lmsy/m/n/10.95 ^^Ai\OT1/lmr/m/n/10.95 )
$ \T1/lmr/m/n/10.95 ein endlich-dimensionaler eu-kli-di-scher oder
 []


Overfull \hbox (18.25067pt too wide) in paragraph at lines 1473--1473
[][] 
 []


Overfull \hbox (18.25067pt too wide) in paragraph at lines 1499--1499
[][] 
 []

[161]
Overfull \hbox (18.25067pt too wide) in paragraph at lines 1549--1549
[][] 
 []


Overfull \hbox (18.25067pt too wide) in paragraph at lines 1573--1573
[][] 
 []


Overfull \hbox (18.25067pt too wide) in paragraph at lines 1620--1620
[][] 
 []


Overfull \hbox (15.92336pt too wide) in paragraph at lines 1620--1621
[]\T1/lmr/m/n/10.95 Zu je-der sym-me-tri-schen Bi-li-ne-ar-form $\OML/lmm/m/it/
10.95 ^^L$ \T1/lmr/m/n/10.95 auf ei-nem endlich-
 []

[169]
Overfull \hbox (15.92336pt too wide) in paragraph at lines 1631--1632
[]\T1/lmr/m/n/10.95 Zu je-der sym-me-tri-schen Bi-li-ne-ar-form $\OML/lmm/m/it/
10.95 ^^L$ \T1/lmr/m/n/10.95 auf ei-nem endlich-
 []


Overfull \hbox (15.92336pt too wide) in paragraph at lines 1644--1645
[]\T1/lmr/m/n/10.95 Zu je-der sym-me-tri-schen Bi-li-ne-ar-form $\OML/lmm/m/it/
10.95 ^^L$ \T1/lmr/m/n/10.95 auf ei-nem endlich-
 []


Overfull \hbox (15.92336pt too wide) in paragraph at lines 1649--1650
[]\T1/lmr/m/n/10.95 Zu je-der sym-me-tri-schen Bi-li-ne-ar-form $\OML/lmm/m/it/
10.95 ^^L$ \T1/lmr/m/n/10.95 auf ei-nem endlich-
 []


Overfull \hbox (18.25067pt too wide) in paragraph at lines 1662--1662
[][] 
 []

[177]
Overfull \hbox (3.89212pt too wide) in paragraph at lines 1739--1740
[]\T1/lmr/m/n/10.95 Jede re-el-le af-fi-ne Qua-drik in ei-nem eu-kli-di-schen V
ektor-
 []


Overfull \hbox (6.06523pt too wide) in paragraph at lines 1744--1745
[]\T1/lmr/m/n/10.95 Jede re-el-le af-fi-ne Qua-drik in ei-nem \T1/lmss/bx/n/10.
95 eu-kli-di-schen \T1/lmr/m/n/10.95 Vektor-
 []

LaTeX Font Info:    External font `lmex10' loaded for size
(Font)              <10> on input line 1763.
LaTeX Font Info:    External font `lmex10' loaded for size
(Font)              <7> on input line 1763.

Overfull \hbox (18.25067pt too wide) in paragraph at lines 1788--1788
[][] 
 []

[185]
Overfull \hbox (18.25067pt too wide) in paragraph at lines 1812--1812
[][] 
 []


Overfull \hbox (15.26pt too wide) in paragraph at lines 1812--1813
[]\T1/lmr/m/n/10.95 Für je-den In-te-gri-täts-ring $\OML/lmm/m/it/10.95 R$ \T1/
lmr/m/n/10.95 ist [](Po-ly-nom-ring über $\OML/lmm/m/it/10.95 R$\T1/lmr/m/n/10.
95 )[]$[]$[]auch
 []

[193]
Overfull \hbox (18.25067pt too wide) in paragraph at lines 1866--1866
[][] 
 []


Overfull \hbox (18.25067pt too wide) in paragraph at lines 1894--1894
[][] 
 []

[201]
Overfull \hbox (18.25067pt too wide) in paragraph at lines 1929--1929
[][] 
 []


Overfull \hbox (18.25067pt too wide) in paragraph at lines 1957--1957
[][] 
 []

[209] [217] [225]
Overfull \hbox (18.25067pt too wide) in paragraph at lines 2143--2143
[][] 
 []

[233] (LinA2Cards.aux) ) 
Here is how much of TeX's memory you used:
 16489 strings out of 478687
 298229 string characters out of 2838963
 668287 words of memory out of 3000000
 34183 multiletter control sequences out of 15000+600000
 550564 words of font info for 106 fonts, out of 8000000 for 9000
 1148 hyphenation exceptions out of 8191
 85i,14n,90p,3223b,234s stack positions out of 10000i,1000n,20000p,200000b,80000s
{C:/Users/Sebastian Schaschek/AppData/Local/Programs/Mi
KTeX/fonts/enc/dvips/lm/lm-mathsy.enc}{C:/Users/Sebastian Schaschek/AppData/Loc
al/Programs/MiKTeX/fonts/enc/dvips/lm/lm-rm.enc}{C:/Users/Sebastian Schaschek/A
ppData/Local/Programs/MiKTeX/fonts/enc/dvips/lm/lm-ec.enc}{C:/Users/Sebastian S
chaschek/AppData/Local/Programs/MiKTeX/fonts/enc/dvips/lm/lm-mathit.enc}{C:/Use
rs/Sebastian Schaschek/AppData/Local/Programs/MiKTeX/fonts/enc/dvips/lm/lm-math
ex.enc}{C:/Users/Sebastian Schaschek/AppData/Local/Programs/MiKTeX/fonts/enc/dv
ips/lm/lm-ts1.enc}<C:/Users/Sebastian Schaschek/AppData/Local/Programs/MiKTeX/f
onts/type1/public/lm/lmbx10.pfb><C:/Users/Sebastian Schaschek/AppData/Local/Pro
grams/MiKTeX/fonts/type1/public/lm/lmbx8.pfb><C:/Users/Sebastian Schaschek/AppD
ata/Local/Programs/MiKTeX/fonts/type1/public/lm/lmex10.pfb><C:/Users/Sebastian 
Schaschek/AppData/Local/Programs/MiKTeX/fonts/type1/public/lm/lmmi10.pfb><C:/Us
ers/Sebastian Schaschek/AppData/Local/Programs/MiKTeX/fonts/type1/public/lm/lmm
i6.pfb><C:/Users/Sebastian Schaschek/AppData/Local/Programs/MiKTeX/fonts/type1/
public/lm/lmmi8.pfb><C:/Users/Sebastian Schaschek/AppData/Local/Programs/MiKTeX
/fonts/type1/public/lm/lmr10.pfb><C:/Users/Sebastian Schaschek/AppData/Local/Pr
ograms/MiKTeX/fonts/type1/public/lm/lmr12.pfb><C:/Users/Sebastian Schaschek/App
Data/Local/Programs/MiKTeX/fonts/type1/public/lm/lmr17.pfb><C:/Users/Sebastian 
Schaschek/AppData/Local/Programs/MiKTeX/fonts/type1/public/lm/lmr6.pfb><C:/User
s/Sebastian Schaschek/AppData/Local/Programs/MiKTeX/fonts/type1/public/lm/lmr7.
pfb><C:/Users/Sebastian Schaschek/AppData/Local/Programs/MiKTeX/fonts/type1/pub
lic/lm/lmr8.pfb><C:/Users/Sebastian Schaschek/AppData/Local/Programs/MiKTeX/fon
ts/type1/public/lm/lmri10.pfb><C:/Users/Sebastian Schaschek/AppData/Local/Progr
ams/MiKTeX/fonts/type1/public/lm/lmssbx10.pfb><C:/Users/Sebastian Schaschek/App
Data/Local/Programs/MiKTeX/fonts/type1/public/lm/lmsy10.pfb><C:/Users/Sebastian
 Schaschek/AppData/Local/Programs/MiKTeX/fonts/type1/public/lm/lmsy6.pfb><C:/Us
ers/Sebastian Schaschek/AppData/Local/Programs/MiKTeX/fonts/type1/public/lm/lms
y7.pfb><C:/Users/Sebastian Schaschek/AppData/Local/Programs/MiKTeX/fonts/type1/
public/lm/lmsy8.pfb><C:/Users/Sebastian Schaschek/AppData/Local/Programs/MiKTeX
/fonts/type1/public/lm/lmtt8.pfb><C:/Users/Sebastian Schaschek/AppData/Local/Pr
ograms/MiKTeX/fonts/type1/public/amsfonts/symbols/msam10.pfb><C:/Users/Sebastia
n Schaschek/AppData/Local/Programs/MiKTeX/fonts/type1/public/amsfonts/symbols/m
sbm10.pfb>
Output written on LinA2Cards.pdf (29 pages, 392015 bytes).
PDF statistics:
 218 PDF objects out of 1000 (max. 8388607)
 0 named destinations out of 1000 (max. 500000)
 13 words of extra memory for PDF output out of 10000 (max. 10000000)

